<?xml version="1.0" encoding="UTF-8"?>
<!-- Generated by org.testng.reporters.JUnitReportReporter -->
<testsuite hostname="DESKTOP-VAGII22" failures="0" tests="4" name="RestApiAzure.RestAPIAzureBooks" time="10.461" errors="0" timestamp="2021-12-07T12:47:18 IST" skipped="0">
  <testcase classname="RestApiAzure.RestAPIAzureBooks" name="restApiGetBookByID" time="2.039"/>
  <system-out/>
  <testcase classname="RestApiAzure.RestAPIAzureBooks" name="restApiGetBooksList" time="3.431"/>
  <system-out/>
  <testcase classname="RestApiAzure.RestAPIAzureBooks" name="restApiEditBook" time="0.988"/>
  <system-out/>
  <testcase classname="RestApiAzure.RestAPIAzureBooks" name="restApiAddBook" time="4.003"/>
  <system-out/>
</testsuite> <!-- RestApiAzure.RestAPIAzureBooks -->
