<?xml version="1.0" encoding="UTF-8"?>
<!-- Generated by org.testng.reporters.JUnitReportReporter -->
<testsuite hostname="DESKTOP-VAGII22" failures="0" tests="2" name="test_patch" time="3.991" errors="0" timestamp="2021-12-01T11:58:55 IST" skipped="0">
  <testcase classname="test_patch" name="test_post" time="3.469"/>
  <system-out/>
  <testcase classname="test_patch" name="test_post1" time="0.522"/>
  <system-out/>
</testsuite> <!-- test_patch -->
