<?xml version="1.0" encoding="UTF-8"?>
<!-- Generated by org.testng.reporters.JUnitReportReporter -->
<testsuite hostname="DESKTOP-VAGII22" failures="0" tests="1" name="test_gets" time="3.646" errors="0" timestamp="2021-12-01T09:08:59 IST" skipped="0">
  <testcase classname="test_gets" name="test1" time="3.646"/>
  <system-out/>
</testsuite> <!-- test_gets -->
