<?xml version="1.0" encoding="UTF-8"?>
<!-- Generated by org.testng.reporters.JUnitReportReporter -->
<testsuite hostname="DESKTOP-VAGII22" failures="0" tests="2" name="Test_Get1" time="5.028" errors="0" timestamp="2021-12-01T09:24:02 IST" skipped="0">
  <testcase classname="Test_Get1" name="test_get2" time="1.455"/>
  <system-out/>
  <testcase classname="Test_Get1" name="test_get1" time="3.573"/>
  <system-out/>
</testsuite> <!-- Test_Get1 -->
