<?xml version="1.0" encoding="UTF-8"?>
<!-- Generated by org.testng.reporters.JUnitReportReporter -->
<testsuite hostname="DESKTOP-VAGII22" failures="0" tests="2" name="jacksondatalib.pojo" time="0.405" errors="0" timestamp="2021-12-27T07:13:28 IST" skipped="0">
  <testcase classname="jacksondatalib.pojo" name="createEmployeeJSONFromEmployeePOJOClass" time="0.362"/>
  <system-out/>
  <testcase classname="jacksondatalib.pojo" name="getPojoFromEmployeeObject" time="0.043"/>
  <system-out/>
</testsuite> <!-- jacksondatalib.pojo -->
