<?xml version="1.0" encoding="UTF-8"?>
<!-- Generated by org.testng.reporters.JUnitReportReporter -->
<testsuite hostname="DESKTOP-VAGII22" failures="0" tests="2" name="requesapitesting.test_Get" time="2.966" errors="0" timestamp="2021-12-03T09:30:26 IST" skipped="0">
  <testcase classname="requesapitesting.test_Get" name="test_get2" time="0.147"/>
  <system-out/>
  <testcase classname="requesapitesting.test_Get" name="test_get1" time="2.819"/>
  <system-out/>
</testsuite> <!-- requesapitesting.test_Get -->
