<?xml version="1.0" encoding="UTF-8"?>
<!-- Generated by org.testng.reporters.JUnitReportReporter -->
<testsuite hostname="DESKTOP-VAGII22" failures="0" tests="2" name="Test_post" time="3.995" errors="0" timestamp="2021-12-01T12:00:25 IST" skipped="0">
  <testcase classname="Test_post" name="test_post" time="3.478"/>
  <system-out/>
  <testcase classname="Test_post" name="test_post1" time="0.517"/>
  <system-out/>
</testsuite> <!-- Test_post -->
