<?xml version="1.0" encoding="UTF-8"?>
<!-- Generated by org.testng.reporters.JUnitReportReporter -->
<testsuite hostname="DESKTOP-VAGII22" failures="0" tests="2" name="RestApiAzure.fakeAPIAzure" time="7.780" errors="0" timestamp="2021-12-07T11:36:44 IST" skipped="0">
  <testcase classname="RestApiAzure.fakeAPIAzure" name="restApiGetBookByID" time="5.065"/>
  <system-out/>
  <testcase classname="RestApiAzure.fakeAPIAzure" name="restApiGetBooksList" time="2.715"/>
  <system-out/>
</testsuite> <!-- RestApiAzure.fakeAPIAzure -->
