<?xml version="1.0" encoding="UTF-8"?>
<!-- Generated by org.testng.reporters.JUnitReportReporter -->
<testsuite hostname="DESKTOP-VAGII22" failures="0" tests="4" name="requesapitesting.testAllMethods" time="6.619" errors="0" timestamp="2021-12-03T10:27:17 IST" skipped="0">
  <testcase classname="requesapitesting.testAllMethods" name="get" time="0.359"/>
  <system-out/>
  <testcase classname="requesapitesting.testAllMethods" name="delete" time="5.528"/>
  <system-out/>
  <testcase classname="requesapitesting.testAllMethods" name="getByID" time="0.216"/>
  <system-out/>
  <testcase classname="requesapitesting.testAllMethods" name="update" time="0.516"/>
  <system-out/>
</testsuite> <!-- requesapitesting.testAllMethods -->
