<?xml version="1.0" encoding="UTF-8"?>
<!-- Generated by org.testng.reporters.JUnitReportReporter -->
<testsuite hostname="DESKTOP-VAGII22" failures="0" tests="2" name="requesapitesting.ReqresPatchdemo" time="5.639" errors="0" timestamp="2021-12-26T22:42:51 IST" skipped="0">
  <testcase classname="requesapitesting.ReqresPatchdemo" name="testCreateUser" time="4.185"/>
  <system-out/>
  <testcase classname="requesapitesting.ReqresPatchdemo" name="testEditUser" time="1.454"/>
  <system-out/>
</testsuite> <!-- requesapitesting.ReqresPatchdemo -->
