<?xml version="1.0" encoding="UTF-8"?>
<!-- Generated by org.testng.reporters.JUnitReportReporter -->
<testsuite hostname="DESKTOP-VAGII22" failures="0" tests="4" name="apitests.Test_all" time="4.022" errors="0" timestamp="2021-12-03T09:09:36 IST" skipped="0">
  <testcase classname="apitests.Test_all" name="geter" time="0.160"/>
  <system-out/>
  <testcase classname="apitests.Test_all" name="delete" time="3.129"/>
  <system-out/>
  <testcase classname="apitests.Test_all" name="updae" time="0.454"/>
  <system-out/>
  <testcase classname="apitests.Test_all" name="get" time="0.279"/>
  <system-out/>
</testsuite> <!-- apitests.Test_all -->
