<?xml version="1.0" encoding="UTF-8"?>
<!-- Generated by org.testng.reporters.JUnitReportReporter -->
<testsuite hostname="DESKTOP-VAGII22" failures="0" tests="1" name="Test_Get" time="2.799" errors="0" timestamp="2021-11-30T23:57:53 IST" skipped="0">
  <testcase classname="Test_Get" name="test_get1" time="2.799"/>
  <system-out/>
</testsuite> <!-- Test_Get -->
