<?xml version="1.0" encoding="UTF-8"?>
<!-- Generated by org.testng.reporters.JUnitReportReporter -->
<testsuite hostname="DESKTOP-VAGII22" failures="0" tests="2" name="apitests.Test_post" time="5.318" errors="0" timestamp="2021-12-06T12:20:00 IST" skipped="0">
  <testcase classname="apitests.Test_post" name="test_post1" time="0.486"/>
  <system-out/>
  <testcase classname="apitests.Test_post" name="test_post" time="4.832"/>
  <system-out/>
</testsuite> <!-- apitests.Test_post -->
