<?xml version="1.0" encoding="UTF-8"?>
<!-- Generated by org.testng.reporters.JUnitReportReporter -->
<testsuite hostname="DESKTOP-VAGII22" failures="0" tests="2" name="apitests.Test_Get1" time="2.976" errors="0" timestamp="2021-12-03T09:24:05 IST" skipped="0">
  <testcase classname="apitests.Test_Get1" name="test_get2" time="0.147"/>
  <system-out/>
  <testcase classname="apitests.Test_Get1" name="test_get1" time="2.829"/>
  <system-out/>
</testsuite> <!-- apitests.Test_Get1 -->
