<?xml version="1.0" encoding="UTF-8"?>
<!-- Generated by org.testng.reporters.JUnitReportReporter -->
<testsuite hostname="DESKTOP-VAGII22" failures="0" tests="1" name="jacksondatalib.jacksonpath" time="0.543" errors="0" timestamp="2021-12-27T09:37:21 IST" skipped="0">
  <testcase classname="jacksondatalib.jacksonpath" name="CreatingNestedJsonObjectTest" time="0.543"/>
  <system-out/>
</testsuite> <!-- jacksondatalib.jacksonpath -->
