<?xml version="1.0" encoding="UTF-8"?>
<!-- Generated by org.testng.reporters.JUnitReportReporter -->
<testsuite hostname="DESKTOP-VAGII22" failures="0" tests="1" name="restapiupskills.restApiTest" time="4.785" errors="0" timestamp="2021-12-06T12:05:59 IST" skipped="0">
  <testcase classname="restapiupskills.restApiTest" name="adminLogin" time="4.785"/>
  <system-out/>
</testsuite> <!-- restapiupskills.restApiTest -->
