<?xml version="1.0" encoding="UTF-8"?>
<!-- Generated by org.testng.reporters.JUnitReportReporter -->
<testsuite hostname="DESKTOP-VAGII22" failures="0" tests="2" name="pojoclasses.pojo" time="0.425" errors="0" timestamp="2021-12-27T07:17:43 IST" skipped="0">
  <testcase classname="pojoclasses.pojo" name="createEmployeeJSONFromEmployeePOJOClass" time="0.382"/>
  <system-out/>
  <testcase classname="pojoclasses.pojo" name="getPojoFromEmployeeObject" time="0.043"/>
  <system-out/>
</testsuite> <!-- pojoclasses.pojo -->
