<?xml version="1.0" encoding="UTF-8"?>
<!-- Generated by org.testng.reporters.JUnitReportReporter -->
<testsuite hostname="DESKTOP-VAGII22" failures="0" tests="3" name="restapiupskills.restApiFetch" time="7.237" errors="0" timestamp="2021-12-06T11:27:30 IST" skipped="0">
  <testcase classname="restapiupskills.restApiFetch" name="getCustomerLimit" time="2.600"/>
  <system-out/>
  <testcase classname="restapiupskills.restApiFetch" name="adminLogin" time="4.033"/>
  <system-out/>
  <testcase classname="restapiupskills.restApiFetch" name="getTokenTest" time="0.604"/>
  <system-out/>
</testsuite> <!-- restapiupskills.restApiFetch -->
