<?xml version="1.0" encoding="UTF-8"?>
<!-- Generated by org.testng.reporters.JUnitReportReporter -->
<testsuite hostname="DESKTOP-VAGII22" failures="0" tests="4" name="Test_all" time="3.957" errors="0" timestamp="2021-12-01T14:19:06 IST" skipped="0">
  <testcase classname="Test_all" name="geter" time="0.161"/>
  <system-out/>
  <testcase classname="Test_all" name="delete" time="3.048"/>
  <system-out/>
  <testcase classname="Test_all" name="updae" time="0.482"/>
  <system-out/>
  <testcase classname="Test_all" name="get" time="0.266"/>
  <system-out/>
</testsuite> <!-- Test_all -->
