<?xml version="1.0" encoding="UTF-8"?>
<!-- Generated by org.testng.reporters.JUnitReportReporter -->
<testsuite hostname="DESKTOP-VAGII22" failures="0" tests="4" name="requesapitesting.Requestestallmethods" time="4.120" errors="0" timestamp="2021-12-06T21:38:22 IST" skipped="0">
  <testcase classname="requesapitesting.Requestestallmethods" name="getByID" time="0.157"/>
  <system-out/>
  <testcase classname="requesapitesting.Requestestallmethods" name="get" time="0.291"/>
  <system-out/>
  <testcase classname="requesapitesting.Requestestallmethods" name="update" time="0.430"/>
  <system-out/>
  <testcase classname="requesapitesting.Requestestallmethods" name="delete" time="3.242"/>
  <system-out/>
</testsuite> <!-- requesapitesting.Requestestallmethods -->
