<?xml version="1.0" encoding="UTF-8"?>
<!-- Generated by org.testng.reporters.JUnitReportReporter -->
<testsuite hostname="DESKTOP-VAGII22" failures="0" tests="4" name="RestApiAzure.RestApiAzureDemo" time="8.591" errors="0" timestamp="2021-12-07T00:45:33 IST" skipped="0">
  <testcase classname="RestApiAzure.RestApiAzureDemo" name="restApiAddBook" time="4.200"/>
  <system-out/>
  <testcase classname="RestApiAzure.RestApiAzureDemo" name="restApiGetAuthorByID" time="2.035"/>
  <system-out/>
  <testcase classname="RestApiAzure.RestApiAzureDemo" name="userDeleteById" time="1.026"/>
  <system-out/>
  <testcase classname="RestApiAzure.RestApiAzureDemo" name="restApiGetAuthorsList" time="1.330"/>
  <system-out/>
</testsuite> <!-- RestApiAzure.RestApiAzureDemo -->
