<?xml version="1.0" encoding="UTF-8"?>
<!-- Generated by org.testng.reporters.JUnitReportReporter -->
<testsuite hostname="DESKTOP-VAGII22" failures="0" tests="2" name="requesapitesting.testPatch" time="5.102" errors="0" timestamp="2021-12-06T12:23:15 IST" skipped="0">
  <testcase classname="requesapitesting.testPatch" name="testPatch1" time="4.664"/>
  <system-out/>
  <testcase classname="requesapitesting.testPatch" name="test_post1" time="0.438"/>
  <system-out/>
</testsuite> <!-- requesapitesting.testPatch -->
