<?xml version="1.0" encoding="UTF-8"?>
<!-- Generated by org.testng.reporters.JUnitReportReporter -->
<testsuite hostname="DESKTOP-VAGII22" failures="0" tests="2" name="requesapitesting.testPost" time="5.314" errors="0" timestamp="2021-12-06T12:20:51 IST" skipped="0">
  <testcase classname="requesapitesting.testPost" name="testPost1" time="4.841"/>
  <system-out/>
  <testcase classname="requesapitesting.testPost" name="testPut" time="0.473"/>
  <system-out/>
</testsuite> <!-- requesapitesting.testPost -->
