<?xml version="1.0" encoding="UTF-8"?>
<!-- Generated by org.testng.reporters.JUnitReportReporter -->
<testsuite hostname="DESKTOP-VAGII22" failures="0" tests="2" name="requesapitesting.testGet" time="3.111" errors="0" timestamp="2021-12-03T14:50:04 IST" skipped="0">
  <testcase classname="requesapitesting.testGet" name="test_GetPage2" time="0.150"/>
  <system-out/>
  <testcase classname="requesapitesting.testGet" name="test_GetPage1" time="2.961"/>
  <system-out/>
</testsuite> <!-- requesapitesting.testGet -->
